<?xml version="1.0" encoding="UTF-8"?>
<!-- Generated by org.testng.reporters.JUnitXMLReporter -->
<testsuite hostname="bokideMBP" name="Default test" tests="5" failures="0" timestamp="16 Feb 2016 15:49:51 GMT" time="0.039" errors="0">
  <testcase name="testPrimeNumberChecker" time="0.007" classname="TestParam.ParamTestWithDataProvider1"/>
  <testcase name="testPrimeNumberChecker" time="0.001" classname="TestParam.ParamTestWithDataProvider1"/>
  <testcase name="testPrimeNumberChecker" time="0.0" classname="TestParam.ParamTestWithDataProvider1"/>
  <testcase name="testPrimeNumberChecker" time="0.001" classname="TestParam.ParamTestWithDataProvider1"/>
  <testcase name="testPrimeNumberChecker" time="0.001" classname="TestParam.ParamTestWithDataProvider1"/>
</testsuite> <!-- Default test -->
